[2021-08-15 13:45:35] requirements_debian_update_system
requirements_debian_update_system () 
{ 
    __rvm_try_sudo apt-get --quiet --yes update || { 
        \typeset __ret=$?;
        case ${__ret} in 
            100)
                rvm_error "There has been an error while updating your system using \`apt-get\`.
It seems that there are some 404 Not Found errors for repositories listed in:

    /etc/apt/sources.list
    /etc/apt/sources.list.d/*.list

Make sure that all repositories are available from your system and verify your setup by running manually:

    sudo apt-get update

Make sure that it works correctly before proceeding with RVM.

If you are working from the GUI instead of the terminal, you might want to verify and fix broken
repositories using \"Software & Updates\" application.
"
            ;;
        esac;
        return ${__ret}
    }
}
current path: /home/evekin13
PATH=/home/evekin13/.rbenv/plugins/ruby-build/bin:/home/evekin13/.rbenv/shims:/home/evekin13/.rbenv/bin:/home/evekin13/.rbenv/plugins/ruby-build/bin:/home/evekin13/.rbenv/shims:/home/evekin13/.rbenv/bin:/home/evekin13/.rbenv/plugins/ruby-build/bin:/home/evekin13/.rbenv/shims:/home/evekin13/.rbenv/bin:/home/evekin13/.config/versions/node/v10.24.1/bin:/usr/local/bin:/usr/bin:/bin:/usr/local/games:/usr/games:/home/evekin13/.rvm/bin
command(2): requirements_debian_update_system 
+ __rvm_try_sudo apt-get --quiet --yes update
+ typeset -a command_to_run
+ typeset sudo_path sbin_path missing_paths
+ command_to_run=("$@")
+ ((  UID == 0  ))
+ case "$rvm_autolibs_flag_number" in
+ is_a_function __rvm_sudo
+ typeset -f __rvm_sudo
+ missing_paths=
+ for sbin_path in /sbin /usr/sbin /usr/local/sbin
+ [[ -d /sbin ]]
+ [[ :/home/evekin13/.rbenv/plugins/ruby-build/bin:/home/evekin13/.rbenv/shims:/home/evekin13/.rbenv/bin:/home/evekin13/.rbenv/plugins/ruby-build/bin:/home/evekin13/.rbenv/shims:/home/evekin13/.rbenv/bin:/home/evekin13/.rbenv/plugins/ruby-build/bin:/home/evekin13/.rbenv/shims:/home/evekin13/.rbenv/bin:/home/evekin13/.config/versions/node/v10.24.1/bin:/usr/local/bin:/usr/bin:/bin:/usr/local/games:/usr/games:/home/evekin13/.rvm/bin: != *\:\/\s\b\i\n\:* ]]
+ missing_paths+=:/sbin
+ for sbin_path in /sbin /usr/sbin /usr/local/sbin
+ [[ -d /usr/sbin ]]
+ [[ :/home/evekin13/.rbenv/plugins/ruby-build/bin:/home/evekin13/.rbenv/shims:/home/evekin13/.rbenv/bin:/home/evekin13/.rbenv/plugins/ruby-build/bin:/home/evekin13/.rbenv/shims:/home/evekin13/.rbenv/bin:/home/evekin13/.rbenv/plugins/ruby-build/bin:/home/evekin13/.rbenv/shims:/home/evekin13/.rbenv/bin:/home/evekin13/.config/versions/node/v10.24.1/bin:/usr/local/bin:/usr/bin:/bin:/usr/local/games:/usr/games:/home/evekin13/.rvm/bin: != *\:\/\u\s\r\/\s\b\i\n\:* ]]
+ missing_paths+=:/usr/sbin
+ for sbin_path in /sbin /usr/sbin /usr/local/sbin
+ [[ -d /usr/local/sbin ]]
+ [[ :/home/evekin13/.rbenv/plugins/ruby-build/bin:/home/evekin13/.rbenv/shims:/home/evekin13/.rbenv/bin:/home/evekin13/.rbenv/plugins/ruby-build/bin:/home/evekin13/.rbenv/shims:/home/evekin13/.rbenv/bin:/home/evekin13/.rbenv/plugins/ruby-build/bin:/home/evekin13/.rbenv/shims:/home/evekin13/.rbenv/bin:/home/evekin13/.config/versions/node/v10.24.1/bin:/usr/local/bin:/usr/bin:/bin:/usr/local/games:/usr/games:/home/evekin13/.rvm/bin: != *\:\/\u\s\r\/\l\o\c\a\l\/\s\b\i\n\:* ]]
+ missing_paths+=:/usr/local/sbin
+ [[ -n :/sbin:/usr/sbin:/usr/local/sbin ]]
+ command_to_run=(/usr/bin/env PATH="${PATH}${missing_paths}" "${command_to_run[@]}")
+ command_to_run=(__rvm_sudo -p "%p password required for '$*': " "${command_to_run[@]}")
+ __rvm_sudo -p '%p password required for '\''apt-get --quiet --yes update'\'': ' /usr/bin/env PATH=/home/evekin13/.rbenv/plugins/ruby-build/bin:/home/evekin13/.rbenv/shims:/home/evekin13/.rbenv/bin:/home/evekin13/.rbenv/plugins/ruby-build/bin:/home/evekin13/.rbenv/shims:/home/evekin13/.rbenv/bin:/home/evekin13/.rbenv/plugins/ruby-build/bin:/home/evekin13/.rbenv/shims:/home/evekin13/.rbenv/bin:/home/evekin13/.config/versions/node/v10.24.1/bin:/usr/local/bin:/usr/bin:/bin:/usr/local/games:/usr/games:/home/evekin13/.rvm/bin:/sbin:/usr/sbin:/usr/local/sbin apt-get --quiet --yes update
+ command sudo -p '%p password required for '\''apt-get --quiet --yes update'\'': ' /usr/bin/env PATH=/home/evekin13/.rbenv/plugins/ruby-build/bin:/home/evekin13/.rbenv/shims:/home/evekin13/.rbenv/bin:/home/evekin13/.rbenv/plugins/ruby-build/bin:/home/evekin13/.rbenv/shims:/home/evekin13/.rbenv/bin:/home/evekin13/.rbenv/plugins/ruby-build/bin:/home/evekin13/.rbenv/shims:/home/evekin13/.rbenv/bin:/home/evekin13/.config/versions/node/v10.24.1/bin:/usr/local/bin:/usr/bin:/bin:/usr/local/games:/usr/games:/home/evekin13/.rvm/bin:/sbin:/usr/sbin:/usr/local/sbin apt-get --quiet --yes update
+ sudo -p '%p password required for '\''apt-get --quiet --yes update'\'': ' /usr/bin/env PATH=/home/evekin13/.rbenv/plugins/ruby-build/bin:/home/evekin13/.rbenv/shims:/home/evekin13/.rbenv/bin:/home/evekin13/.rbenv/plugins/ruby-build/bin:/home/evekin13/.rbenv/shims:/home/evekin13/.rbenv/bin:/home/evekin13/.rbenv/plugins/ruby-build/bin:/home/evekin13/.rbenv/shims:/home/evekin13/.rbenv/bin:/home/evekin13/.config/versions/node/v10.24.1/bin:/usr/local/bin:/usr/bin:/bin:/usr/local/games:/usr/games:/home/evekin13/.rvm/bin:/sbin:/usr/sbin:/usr/local/sbin apt-get --quiet --yes update
Hit:1 https://deb.debian.org/debian buster InRelease
Hit:2 https://deb.debian.org/debian-security buster/updates InRelease
Hit:3 https://deb.nodesource.com/node_12.x buster InRelease
Hit:4 https://dl.yarnpkg.com/debian stable InRelease
Ign:5 https://storage.googleapis.com/cros-packages/92 buster InRelease
Hit:6 https://storage.googleapis.com/cros-packages/92 buster Release
Reading package lists...
