[2021-08-15 13:49:06] alias_delete_execute
alias_delete_execute () 
{ 
    for _path in "$rvm_rubies_path" "$rvm_gems_path" "$rvm_environments_path" "$rvm_wrappers_path";
    do
        if [[ -L "$_path/$1" ]]; then
            \command \rm -fv "$_path/$1" || return $?;
        fi;
    done;
    __rvm_db_ "$rvm_path/config/alias" "$1" "delete";
    alias_after_delete_default "$1" || return $?
}
current path: /home/evekin13
GEM_PATH=/home/evekin13/.rvm/gems/ruby-2.4.10:/home/evekin13/.rvm/gems/ruby-2.4.10@global
GEM_HOME=/home/evekin13/.rvm/gems/ruby-2.4.10
PATH=/home/evekin13/.rvm/gems/ruby-2.4.10/bin:/home/evekin13/.rvm/gems/ruby-2.4.10@global/bin:/home/evekin13/.rvm/rubies/ruby-2.4.10/bin:/home/evekin13/.rvm/bin:/home/evekin13/.rbenv/plugins/ruby-build/bin:/home/evekin13/.rbenv/shims:/home/evekin13/.rbenv/bin:/home/evekin13/.rbenv/plugins/ruby-build/bin:/home/evekin13/.rbenv/shims:/home/evekin13/.rbenv/bin:/home/evekin13/.rbenv/plugins/ruby-build/bin:/home/evekin13/.rbenv/shims:/home/evekin13/.rbenv/bin:/home/evekin13/.config/versions/node/v10.24.1/bin:/usr/local/bin:/usr/bin:/bin:/usr/local/games:/usr/games
command(2): alias_delete_execute default
+ for _path in "$rvm_rubies_path" "$rvm_gems_path" "$rvm_environments_path" "$rvm_wrappers_path"
+ [[ -L /home/evekin13/.rvm/rubies/default ]]
+ for _path in "$rvm_rubies_path" "$rvm_gems_path" "$rvm_environments_path" "$rvm_wrappers_path"
+ [[ -L /home/evekin13/.rvm/gems/default ]]
+ for _path in "$rvm_rubies_path" "$rvm_gems_path" "$rvm_environments_path" "$rvm_wrappers_path"
+ [[ -L /home/evekin13/.rvm/environments/default ]]
+ for _path in "$rvm_rubies_path" "$rvm_gems_path" "$rvm_environments_path" "$rvm_wrappers_path"
+ [[ -L /home/evekin13/.rvm/wrappers/default ]]
+ __rvm_db_ /home/evekin13/.rvm/config/alias default delete
+ typeset __db __key __value
+ __db=/home/evekin13/.rvm/config/alias
+ __key=default
+ shift 2
+ __value=delete
+ case "${__value}" in
+ __rvm_db_remove /home/evekin13/.rvm/config/alias default
+ [[ -f /home/evekin13/.rvm/config/alias ]]
+ __rvm_sed -e '\#^default=# d' -e '/^$/d' /home/evekin13/.rvm/config/alias
+ sed -e '\#^default=# d' -e '/^$/d' /home/evekin13/.rvm/config/alias
+ command mv -f /home/evekin13/.rvm/config/alias.new /home/evekin13/.rvm/config/alias
+ mv -f /home/evekin13/.rvm/config/alias.new /home/evekin13/.rvm/config/alias
+ alias_after_delete_default default
+ [[ default == \d\e\f\a\u\l\t ]]
+ for _path in "$rvm_bin_path"/default_*
+ [[ -f /home/evekin13/.rvm/bin/default_* ]]
+ _path='/home/evekin13/.rvm/bin/default_*'
+ [[ -f /home/evekin13/.rvm/bin/default_* ]]
+ for _path in "$rvm_path"/wrappers/default/* gem irb erb ri rdoc testrb rake ruby bundle
+ _path='*'
+ command rm -fv '/home/evekin13/.rvm/bin/*'
+ rm -fv '/home/evekin13/.rvm/bin/*'
+ for _path in "$rvm_path"/wrappers/default/* gem irb erb ri rdoc testrb rake ruby bundle
+ _path=gem
+ command rm -fv /home/evekin13/.rvm/bin/gem
+ rm -fv /home/evekin13/.rvm/bin/gem
+ for _path in "$rvm_path"/wrappers/default/* gem irb erb ri rdoc testrb rake ruby bundle
+ _path=irb
+ command rm -fv /home/evekin13/.rvm/bin/irb
+ rm -fv /home/evekin13/.rvm/bin/irb
+ for _path in "$rvm_path"/wrappers/default/* gem irb erb ri rdoc testrb rake ruby bundle
+ _path=erb
+ command rm -fv /home/evekin13/.rvm/bin/erb
+ rm -fv /home/evekin13/.rvm/bin/erb
+ for _path in "$rvm_path"/wrappers/default/* gem irb erb ri rdoc testrb rake ruby bundle
+ _path=ri
+ command rm -fv /home/evekin13/.rvm/bin/ri
+ rm -fv /home/evekin13/.rvm/bin/ri
+ for _path in "$rvm_path"/wrappers/default/* gem irb erb ri rdoc testrb rake ruby bundle
+ _path=rdoc
+ command rm -fv /home/evekin13/.rvm/bin/rdoc
+ rm -fv /home/evekin13/.rvm/bin/rdoc
+ for _path in "$rvm_path"/wrappers/default/* gem irb erb ri rdoc testrb rake ruby bundle
+ _path=testrb
+ command rm -fv /home/evekin13/.rvm/bin/testrb
+ rm -fv /home/evekin13/.rvm/bin/testrb
+ for _path in "$rvm_path"/wrappers/default/* gem irb erb ri rdoc testrb rake ruby bundle
+ _path=rake
+ command rm -fv /home/evekin13/.rvm/bin/rake
+ rm -fv /home/evekin13/.rvm/bin/rake
+ for _path in "$rvm_path"/wrappers/default/* gem irb erb ri rdoc testrb rake ruby bundle
+ _path=ruby
+ command rm -fv /home/evekin13/.rvm/bin/ruby
+ rm -fv /home/evekin13/.rvm/bin/ruby
+ for _path in "$rvm_path"/wrappers/default/* gem irb erb ri rdoc testrb rake ruby bundle
+ _path=bundle
+ command rm -fv /home/evekin13/.rvm/bin/bundle
+ rm -fv /home/evekin13/.rvm/bin/bundle
