[2021-08-15 13:49:06] alias_create_execute
alias_create_execute () 
{ 
    for _path in "$rvm_rubies_path" "$rvm_gems_path" "$rvm_environments_path" "$rvm_wrappers_path";
    do
        if [[ -L "$_path/$alias_name" ]]; then
            \command \rm -fv "$_path/$alias_name" || return $?;
        fi;
        \command \ln -fs "$_path/$rvm_ruby_string" "$_path/$alias_name" || return $?;
    done;
    __rvm_db_ "$rvm_path/config/alias" "$alias_name" "$rvm_ruby_string"
}
current path: /home/evekin13
GEM_PATH=/home/evekin13/.rvm/gems/ruby-2.4.10:/home/evekin13/.rvm/gems/ruby-2.4.10@global
GEM_HOME=/home/evekin13/.rvm/gems/ruby-2.4.10
PATH=/home/evekin13/.rvm/gems/ruby-2.4.10/bin:/home/evekin13/.rvm/gems/ruby-2.4.10@global/bin:/home/evekin13/.rvm/rubies/ruby-2.4.10/bin:/home/evekin13/.rvm/bin:/home/evekin13/.rbenv/plugins/ruby-build/bin:/home/evekin13/.rbenv/shims:/home/evekin13/.rbenv/bin:/home/evekin13/.rbenv/plugins/ruby-build/bin:/home/evekin13/.rbenv/shims:/home/evekin13/.rbenv/bin:/home/evekin13/.rbenv/plugins/ruby-build/bin:/home/evekin13/.rbenv/shims:/home/evekin13/.rbenv/bin:/home/evekin13/.config/versions/node/v10.24.1/bin:/usr/local/bin:/usr/bin:/bin:/usr/local/games:/usr/games
command(1): alias_create_execute
+ for _path in "$rvm_rubies_path" "$rvm_gems_path" "$rvm_environments_path" "$rvm_wrappers_path"
+ [[ -L /home/evekin13/.rvm/rubies/default ]]
+ command ln -fs /home/evekin13/.rvm/rubies/ruby-2.4.10 /home/evekin13/.rvm/rubies/default
+ ln -fs /home/evekin13/.rvm/rubies/ruby-2.4.10 /home/evekin13/.rvm/rubies/default
+ for _path in "$rvm_rubies_path" "$rvm_gems_path" "$rvm_environments_path" "$rvm_wrappers_path"
+ [[ -L /home/evekin13/.rvm/gems/default ]]
+ command ln -fs /home/evekin13/.rvm/gems/ruby-2.4.10 /home/evekin13/.rvm/gems/default
+ ln -fs /home/evekin13/.rvm/gems/ruby-2.4.10 /home/evekin13/.rvm/gems/default
+ for _path in "$rvm_rubies_path" "$rvm_gems_path" "$rvm_environments_path" "$rvm_wrappers_path"
+ [[ -L /home/evekin13/.rvm/environments/default ]]
+ command ln -fs /home/evekin13/.rvm/environments/ruby-2.4.10 /home/evekin13/.rvm/environments/default
+ ln -fs /home/evekin13/.rvm/environments/ruby-2.4.10 /home/evekin13/.rvm/environments/default
+ for _path in "$rvm_rubies_path" "$rvm_gems_path" "$rvm_environments_path" "$rvm_wrappers_path"
+ [[ -L /home/evekin13/.rvm/wrappers/default ]]
+ command ln -fs /home/evekin13/.rvm/wrappers/ruby-2.4.10 /home/evekin13/.rvm/wrappers/default
+ ln -fs /home/evekin13/.rvm/wrappers/ruby-2.4.10 /home/evekin13/.rvm/wrappers/default
+ __rvm_db_ /home/evekin13/.rvm/config/alias default ruby-2.4.10
+ typeset __db __key __value
+ __db=/home/evekin13/.rvm/config/alias
+ __key=default
+ shift 2
+ __value=ruby-2.4.10
+ case "${__value}" in
+ __rvm_db_add /home/evekin13/.rvm/config/alias default ruby-2.4.10
+ typeset __dir=/home/evekin13/.rvm/config
+ [[ -f /home/evekin13/.rvm/config/alias ]]
+ __rvm_db_remove /home/evekin13/.rvm/config/alias default
+ [[ -f /home/evekin13/.rvm/config/alias ]]
+ __rvm_sed -e '\#^default=# d' -e '/^$/d' /home/evekin13/.rvm/config/alias
+ sed -e '\#^default=# d' -e '/^$/d' /home/evekin13/.rvm/config/alias
+ command mv -f /home/evekin13/.rvm/config/alias.new /home/evekin13/.rvm/config/alias
+ mv -f /home/evekin13/.rvm/config/alias.new /home/evekin13/.rvm/config/alias
+ printf '%b=%b\n' default ruby-2.4.10
