[2021-08-15 13:49:01] run_gem_wrappers
run_gem_wrappers () 
{ 
    gem_install gem-wrappers > /dev/null && gem_wrappers_pristine && gem wrappers "$@" || return $?
}
current path: /home/evekin13
GEM_PATH=/home/evekin13/.rvm/gems/ruby-2.4.10:/home/evekin13/.rvm/gems/ruby-2.4.10@global
GEM_HOME=/home/evekin13/.rvm/gems/ruby-2.4.10
PATH=/home/evekin13/.rvm/gems/ruby-2.4.10/bin:/home/evekin13/.rvm/gems/ruby-2.4.10@global/bin:/home/evekin13/.rvm/rubies/ruby-2.4.10/bin:/home/evekin13/.rvm/bin:/home/evekin13/.rbenv/plugins/ruby-build/bin:/home/evekin13/.rbenv/shims:/home/evekin13/.rbenv/bin:/home/evekin13/.rbenv/plugins/ruby-build/bin:/home/evekin13/.rbenv/shims:/home/evekin13/.rbenv/bin:/home/evekin13/.rbenv/plugins/ruby-build/bin:/home/evekin13/.rbenv/shims:/home/evekin13/.rbenv/bin:/home/evekin13/.config/versions/node/v10.24.1/bin:/usr/local/bin:/usr/bin:/bin:/usr/local/games:/usr/games
command(2): run_gem_wrappers regenerate
+ gem_install gem-wrappers
+ typeset gem_name gem_version version_check
+ gem_version=
+ __rvm_parse_gems_args gem-wrappers
+ typeset gem=gem-wrappers
+ __rvm_string_match gem-wrappers '*.gem$'
+ typeset _string
+ _string=gem-wrappers
+ shift
+ ((  1  ))
+ case "${_string}" in
+ shift
+ ((  0  ))
+ return 1
+ gem_name=gem-wrappers
+ case "$gem" in
+ [[ -z '' ]]
+ __rvm_db gem_gem-wrappers_version gem_version
+ typeset value key variable
+ key=gem_gem-wrappers_version
+ variable=gem_version
+ value=
+ [[ -f /home/evekin13/.rvm/user/db ]]
++ __rvm_db_ /home/evekin13/.rvm/user/db gem_gem-wrappers_version
++ typeset __db __key __value
++ __db=/home/evekin13/.rvm/user/db
++ __key=gem_gem-wrappers_version
++ shift 2
++ __value=
++ case "${__value}" in
++ __rvm_db_get /home/evekin13/.rvm/user/db gem_gem-wrappers_version
++ [[ -f /home/evekin13/.rvm/user/db ]]
++ __rvm_sed -n -e '\#^gem_gem-wrappers_version=# { s#^gem_gem-wrappers_version=##;; p; }' -e '/^$/d'
++ sed -n -e '\#^gem_gem-wrappers_version=# { s#^gem_gem-wrappers_version=##;; p; }' -e '/^$/d'
+ value=
+ [[ -z '' ]]
+ [[ -f /home/evekin13/.rvm/config/db ]]
++ __rvm_db_ /home/evekin13/.rvm/config/db gem_gem-wrappers_version
++ typeset __db __key __value
++ __db=/home/evekin13/.rvm/config/db
++ __key=gem_gem-wrappers_version
++ shift 2
++ __value=
++ case "${__value}" in
++ __rvm_db_get /home/evekin13/.rvm/config/db gem_gem-wrappers_version
++ [[ -f /home/evekin13/.rvm/config/db ]]
++ __rvm_sed -n -e '\#^gem_gem-wrappers_version=# { s#^gem_gem-wrappers_version=##;; p; }' -e '/^$/d'
++ sed -n -e '\#^gem_gem-wrappers_version=# { s#^gem_gem-wrappers_version=##;; p; }' -e '/^$/d'
+ value='>=1.4.0'
+ [[ -n >=1.4.0 ]]
+ [[ -n gem_version ]]
+ eval 'gem_version='\''>=1.4.0'\'''
++ gem_version='>=1.4.0'
+ true
+ ((  0 == 0  ))
+ is_gem_installed
+ typeset gem_spec
+ gem_spec='gem '\''gem-wrappers'\'''
+ [[ -n >=1.4.0 ]]
+ gem_spec+=', '\''>=1.4.0'\'''
+ version_check=1.4.0
+ __rvm_ls -ld /home/evekin13/.rvm/gems/ruby-2.4.10/gems/gem-wrappers-1.4.0
+ /home/evekin13/.rvm/rubies/ruby-2.4.10/bin/ruby -rrubygems -e 'gem '\''gem-wrappers'\'', '\''>=1.4.0'\'''
+ rvm_log 'gem gem-wrappers >=1.4.0 is already installed'
+ [[ '' == 1 ]]
+ printf %b 'gem gem-wrappers >=1.4.0 is already installed\n'
+ return 0
+ gem_wrappers_pristine
++ sort -V
++ head -n1
+++ gem -v
++ printf '%s\n' 3.2.0 3.0.8
+ '[' 3.0.8 == 3.2.0 ']'
+ gem wrappers regenerate
